<?xml version="1.0" encoding="UTF-8"?>
<testng-results skipped="0" failed="0" ignored="0" total="1" passed="1">
  <reporter-output>
  </reporter-output>
  <suite name="Rehlat.com suite " duration-ms="77113" started-at="2019-10-14T09:30:59Z" finished-at="2019-10-14T09:32:16Z">
    <groups>
    </groups>
    <test name="Regression Test" duration-ms="77113" started-at="2019-10-14T09:30:59Z" finished-at="2019-10-14T09:32:16Z">
      <class name="test.B2B_SKYSHOP">
        <test-method status="PASS" signature="test()[pri:0, instance:test.B2B_SKYSHOP@1443d8f]" name="test" is-config="true" duration-ms="18769" started-at="2019-10-14T15:00:59Z" finished-at="2019-10-14T15:01:17Z">
          <reporter-output>
          </reporter-output>
        </test-method> <!-- test -->
        <test-method status="PASS" signature="ConfirmationPendingAlert_Reports()[pri:0, instance:test.B2B_SKYSHOP@1443d8f]" name="ConfirmationPendingAlert_Reports" duration-ms="57745" started-at="2019-10-14T15:01:17Z" finished-at="2019-10-14T15:02:15Z">
          <reporter-output>
          </reporter-output>
        </test-method> <!-- ConfirmationPendingAlert_Reports -->
        <test-method status="PASS" signature="stop()[pri:0, instance:test.B2B_SKYSHOP@1443d8f]" name="stop" is-config="true" duration-ms="582" started-at="2019-10-14T15:02:15Z" finished-at="2019-10-14T15:02:16Z">
          <reporter-output>
          </reporter-output>
        </test-method> <!-- stop -->
      </class> <!-- test.B2B_SKYSHOP -->
    </test> <!-- Regression Test -->
  </suite> <!-- Rehlat.com suite  -->
</testng-results>
